mode: set
github.com/kyma-incubator/metris/pkg/gardener/secret/client.go:23.56,26.16 3 0
github.com/kyma-incubator/metris/pkg/gardener/secret/client.go:29.2,32.53 4 0
github.com/kyma-incubator/metris/pkg/gardener/secret/client.go:26.16,28.3 1 0
github.com/kyma-incubator/metris/pkg/gardener/secret/client.go:35.84,38.16 3 1
github.com/kyma-incubator/metris/pkg/gardener/secret/client.go:41.2,41.54 1 1
github.com/kyma-incubator/metris/pkg/gardener/secret/client.go:38.16,40.3 1 1
github.com/kyma-incubator/metris/pkg/gardener/secret/client.go:44.103,47.16 3 1
github.com/kyma-incubator/metris/pkg/gardener/secret/client.go:50.2,50.20 1 1
github.com/kyma-incubator/metris/pkg/gardener/secret/client.go:47.16,49.3 1 0
github.com/kyma-incubator/metris/pkg/gardener/secret/client.go:53.57,59.2 1 1
github.com/kyma-incubator/metris/pkg/gardener/secret/client.go:61.49,67.2 1 1
github.com/kyma-incubator/metris/pkg/skr/pvc/client.go:19.52,21.16 2 0
github.com/kyma-incubator/metris/pkg/skr/pvc/client.go:24.2,25.16 2 0
github.com/kyma-incubator/metris/pkg/skr/pvc/client.go:28.2,29.49 2 0
github.com/kyma-incubator/metris/pkg/skr/pvc/client.go:21.16,23.3 1 0
github.com/kyma-incubator/metris/pkg/skr/pvc/client.go:25.16,27.3 1 0
github.com/kyma-incubator/metris/pkg/skr/pvc/client.go:32.86,35.16 2 1
github.com/kyma-incubator/metris/pkg/skr/pvc/client.go:38.2,38.62 1 1
github.com/kyma-incubator/metris/pkg/skr/pvc/client.go:35.16,37.3 1 0
github.com/kyma-incubator/metris/pkg/skr/pvc/client.go:41.134,44.16 3 1
github.com/kyma-incubator/metris/pkg/skr/pvc/client.go:47.2,48.16 2 1
github.com/kyma-incubator/metris/pkg/skr/pvc/client.go:51.2,51.21 1 1
github.com/kyma-incubator/metris/pkg/skr/pvc/client.go:44.16,46.3 1 0
github.com/kyma-incubator/metris/pkg/skr/pvc/client.go:48.16,50.3 1 0
github.com/kyma-incubator/metris/pkg/skr/pvc/client.go:54.57,60.2 1 1
github.com/kyma-incubator/metris/pkg/skr/pvc/fake.go:11.71,14.16 3 0
github.com/kyma-incubator/metris/pkg/skr/pvc/fake.go:18.2,20.49 3 0
github.com/kyma-incubator/metris/pkg/skr/pvc/fake.go:14.16,16.3 1 0
github.com/kyma-incubator/metris/pkg/keb/client.go:30.63,40.2 2 0
github.com/kyma-incubator/metris/pkg/keb/client.go:42.53,44.16 2 1
github.com/kyma-incubator/metris/pkg/keb/client.go:47.2,51.17 2 1
github.com/kyma-incubator/metris/pkg/keb/client.go:44.16,46.3 1 0
github.com/kyma-incubator/metris/pkg/keb/client.go:54.85,59.16 5 1
github.com/kyma-incubator/metris/pkg/keb/client.go:74.2,75.31 2 1
github.com/kyma-incubator/metris/pkg/keb/client.go:59.16,61.17 2 1
github.com/kyma-incubator/metris/pkg/keb/client.go:64.3,68.45 5 1
github.com/kyma-incubator/metris/pkg/keb/client.go:72.3,72.15 1 1
github.com/kyma-incubator/metris/pkg/keb/client.go:61.17,63.4 1 1
github.com/kyma-incubator/metris/pkg/keb/client.go:68.45,70.12 2 1
github.com/kyma-incubator/metris/pkg/keb/client.go:78.102,92.58 7 1
github.com/kyma-incubator/metris/pkg/keb/client.go:105.2,105.16 1 1
github.com/kyma-incubator/metris/pkg/keb/client.go:110.2,110.38 1 1
github.com/kyma-incubator/metris/pkg/keb/client.go:116.2,117.16 2 1
github.com/kyma-incubator/metris/pkg/keb/client.go:121.2,121.15 1 1
github.com/kyma-incubator/metris/pkg/keb/client.go:124.2,125.59 2 1
github.com/kyma-incubator/metris/pkg/keb/client.go:128.2,128.26 1 1
github.com/kyma-incubator/metris/pkg/keb/client.go:92.58,93.17 1 0
github.com/kyma-incubator/metris/pkg/keb/client.go:96.3,96.15 1 0
github.com/kyma-incubator/metris/pkg/keb/client.go:93.17,95.4 1 0
github.com/kyma-incubator/metris/pkg/keb/client.go:97.24,99.17 2 1
github.com/kyma-incubator/metris/pkg/keb/client.go:102.3,102.9 1 1
github.com/kyma-incubator/metris/pkg/keb/client.go:99.17,101.4 1 0
github.com/kyma-incubator/metris/pkg/keb/client.go:105.16,108.3 2 0
github.com/kyma-incubator/metris/pkg/keb/client.go:110.38,114.3 3 1
github.com/kyma-incubator/metris/pkg/keb/client.go:117.16,120.3 2 0
github.com/kyma-incubator/metris/pkg/keb/client.go:121.15,123.3 1 1
github.com/kyma-incubator/metris/pkg/keb/client.go:125.59,127.3 1 0
github.com/kyma-incubator/metris/pkg/gardener/shoot/client.go:21.56,24.16 3 0
github.com/kyma-incubator/metris/pkg/gardener/shoot/client.go:27.2,30.53 4 0
github.com/kyma-incubator/metris/pkg/gardener/shoot/client.go:24.16,26.3 1 0
github.com/kyma-incubator/metris/pkg/gardener/shoot/client.go:33.92,35.16 2 1
github.com/kyma-incubator/metris/pkg/gardener/shoot/client.go:38.2,38.52 1 1
github.com/kyma-incubator/metris/pkg/gardener/shoot/client.go:35.16,37.3 1 1
github.com/kyma-incubator/metris/pkg/gardener/shoot/client.go:41.109,44.16 3 1
github.com/kyma-incubator/metris/pkg/gardener/shoot/client.go:47.2,47.19 1 1
github.com/kyma-incubator/metris/pkg/gardener/shoot/client.go:44.16,46.3 1 0
github.com/kyma-incubator/metris/pkg/gardener/shoot/client.go:50.57,56.2 1 1
github.com/kyma-incubator/metris/pkg/gardener/shoot/client.go:58.49,64.2 1 1
github.com/kyma-incubator/metris/pkg/skr/node/client.go:19.63,21.16 2 0
github.com/kyma-incubator/metris/pkg/skr/node/client.go:24.2,25.16 2 0
github.com/kyma-incubator/metris/pkg/skr/node/client.go:28.2,29.49 2 0
github.com/kyma-incubator/metris/pkg/skr/node/client.go:21.16,23.3 1 0
github.com/kyma-incubator/metris/pkg/skr/node/client.go:25.16,27.3 1 0
github.com/kyma-incubator/metris/pkg/skr/node/client.go:32.69,35.16 2 1
github.com/kyma-incubator/metris/pkg/skr/node/client.go:38.2,38.56 1 1
github.com/kyma-incubator/metris/pkg/skr/node/client.go:35.16,37.3 1 0
github.com/kyma-incubator/metris/pkg/skr/node/client.go:41.115,44.16 3 1
github.com/kyma-incubator/metris/pkg/skr/node/client.go:47.2,48.16 2 1
github.com/kyma-incubator/metris/pkg/skr/node/client.go:51.2,51.22 1 1
github.com/kyma-incubator/metris/pkg/skr/node/client.go:44.16,46.3 1 0
github.com/kyma-incubator/metris/pkg/skr/node/client.go:48.16,50.3 1 0
github.com/kyma-incubator/metris/pkg/skr/node/client.go:54.57,60.2 1 1
github.com/kyma-incubator/metris/pkg/skr/node/fake.go:11.73,14.16 3 0
github.com/kyma-incubator/metris/pkg/skr/node/fake.go:18.2,20.49 3 0
github.com/kyma-incubator/metris/pkg/skr/node/fake.go:14.16,16.3 1 0
github.com/kyma-incubator/metris/pkg/skr/svc/client.go:19.52,21.16 2 0
github.com/kyma-incubator/metris/pkg/skr/svc/client.go:24.2,25.16 2 0
github.com/kyma-incubator/metris/pkg/skr/svc/client.go:28.2,29.49 2 0
github.com/kyma-incubator/metris/pkg/skr/svc/client.go:21.16,23.3 1 0
github.com/kyma-incubator/metris/pkg/skr/svc/client.go:25.16,27.3 1 0
github.com/kyma-incubator/metris/pkg/skr/svc/client.go:32.72,35.16 2 1
github.com/kyma-incubator/metris/pkg/skr/svc/client.go:38.2,38.62 1 1
github.com/kyma-incubator/metris/pkg/skr/svc/client.go:35.16,37.3 1 0
github.com/kyma-incubator/metris/pkg/skr/svc/client.go:41.120,44.16 3 1
github.com/kyma-incubator/metris/pkg/skr/svc/client.go:47.2,48.16 2 1
github.com/kyma-incubator/metris/pkg/skr/svc/client.go:51.2,51.21 1 1
github.com/kyma-incubator/metris/pkg/skr/svc/client.go:44.16,46.3 1 0
github.com/kyma-incubator/metris/pkg/skr/svc/client.go:48.16,50.3 1 0
github.com/kyma-incubator/metris/pkg/skr/svc/client.go:54.57,60.2 1 1
github.com/kyma-incubator/metris/pkg/skr/svc/fake.go:11.71,14.16 3 0
github.com/kyma-incubator/metris/pkg/skr/svc/fake.go:18.2,20.49 3 0
github.com/kyma-incubator/metris/pkg/skr/svc/fake.go:14.16,16.3 1 0
github.com/kyma-incubator/metris/pkg/edp/client.go:30.63,40.2 2 1
github.com/kyma-incubator/metris/pkg/edp/client.go:42.76,54.16 4 1
github.com/kyma-incubator/metris/pkg/edp/client.go:58.2,62.17 4 1
github.com/kyma-incubator/metris/pkg/edp/client.go:54.16,56.3 1 0
github.com/kyma-incubator/metris/pkg/edp/client.go:65.87,75.58 4 1
github.com/kyma-incubator/metris/pkg/edp/client.go:97.2,97.16 1 1
github.com/kyma-incubator/metris/pkg/edp/client.go:101.2,101.15 1 1
github.com/kyma-incubator/metris/pkg/edp/client.go:108.2,108.18 1 1
github.com/kyma-incubator/metris/pkg/edp/client.go:75.58,76.17 1 1
github.com/kyma-incubator/metris/pkg/edp/client.go:79.3,79.15 1 0
github.com/kyma-incubator/metris/pkg/edp/client.go:76.17,78.4 1 1
github.com/kyma-incubator/metris/pkg/edp/client.go:80.24,83.17 3 1
github.com/kyma-incubator/metris/pkg/edp/client.go:89.3,89.44 1 1
github.com/kyma-incubator/metris/pkg/edp/client.go:94.3,94.9 1 1
github.com/kyma-incubator/metris/pkg/edp/client.go:83.17,87.4 3 0
github.com/kyma-incubator/metris/pkg/edp/client.go:89.44,93.4 3 1
github.com/kyma-incubator/metris/pkg/edp/client.go:97.16,99.3 1 1
github.com/kyma-incubator/metris/pkg/edp/client.go:101.15,103.17 2 1
github.com/kyma-incubator/metris/pkg/edp/client.go:103.17,105.4 1 0
github.com/kyma-incubator/metris/pkg/process/event_stream.go:47.79,49.25 1 1
github.com/kyma-incubator/metris/pkg/process/event_stream.go:52.2,52.22 1 1
github.com/kyma-incubator/metris/pkg/process/event_stream.go:56.2,67.42 10 1
github.com/kyma-incubator/metris/pkg/process/event_stream.go:86.2,86.24 1 1
github.com/kyma-incubator/metris/pkg/process/event_stream.go:97.2,98.24 2 1
github.com/kyma-incubator/metris/pkg/process/event_stream.go:108.2,108.57 1 1
github.com/kyma-incubator/metris/pkg/process/event_stream.go:127.2,139.37 10 1
github.com/kyma-incubator/metris/pkg/process/event_stream.go:146.2,146.20 1 1
github.com/kyma-incubator/metris/pkg/process/event_stream.go:49.25,51.3 1 0
github.com/kyma-incubator/metris/pkg/process/event_stream.go:52.22,54.3 1 0
github.com/kyma-incubator/metris/pkg/process/event_stream.go:67.42,73.24 4 1
github.com/kyma-incubator/metris/pkg/process/event_stream.go:76.3,82.19 5 1
github.com/kyma-incubator/metris/pkg/process/event_stream.go:73.24,75.4 1 1
github.com/kyma-incubator/metris/pkg/process/event_stream.go:86.24,88.41 1 1
github.com/kyma-incubator/metris/pkg/process/event_stream.go:88.41,89.45 1 1
github.com/kyma-incubator/metris/pkg/process/event_stream.go:89.45,93.5 3 1
github.com/kyma-incubator/metris/pkg/process/event_stream.go:98.24,100.41 1 1
github.com/kyma-incubator/metris/pkg/process/event_stream.go:100.41,101.39 1 1
github.com/kyma-incubator/metris/pkg/process/event_stream.go:101.39,103.5 1 1
github.com/kyma-incubator/metris/pkg/process/event_stream.go:108.57,110.39 2 1
github.com/kyma-incubator/metris/pkg/process/event_stream.go:113.14,117.18 4 1
github.com/kyma-incubator/metris/pkg/process/event_stream.go:120.4,120.45 1 1
github.com/kyma-incubator/metris/pkg/process/event_stream.go:123.11,124.101 1 0
github.com/kyma-incubator/metris/pkg/process/event_stream.go:117.18,119.5 1 0
github.com/kyma-incubator/metris/pkg/process/event_stream.go:120.45,122.5 1 1
github.com/kyma-incubator/metris/pkg/process/event_stream.go:139.37,144.3 1 1
github.com/kyma-incubator/metris/pkg/process/event_stream.go:150.31,152.2 1 1
github.com/kyma-incubator/metris/pkg/process/event_stream.go:154.49,156.2 1 1
github.com/kyma-incubator/metris/pkg/process/event_stream.go:160.50,168.2 4 1
github.com/kyma-incubator/metris/pkg/process/process.go:50.120,55.14 4 1
github.com/kyma-incubator/metris/pkg/process/process.go:60.2,61.48 2 1
github.com/kyma-incubator/metris/pkg/process/process.go:65.2,69.29 3 1
github.com/kyma-incubator/metris/pkg/process/process.go:84.2,86.16 3 1
github.com/kyma-incubator/metris/pkg/process/process.go:91.2,92.16 2 1
github.com/kyma-incubator/metris/pkg/process/process.go:97.2,99.16 3 1
github.com/kyma-incubator/metris/pkg/process/process.go:103.2,103.27 1 1
github.com/kyma-incubator/metris/pkg/process/process.go:109.2,110.16 2 1
github.com/kyma-incubator/metris/pkg/process/process.go:113.2,115.16 3 1
github.com/kyma-incubator/metris/pkg/process/process.go:120.2,122.16 3 1
github.com/kyma-incubator/metris/pkg/process/process.go:125.2,126.16 2 1
github.com/kyma-incubator/metris/pkg/process/process.go:131.2,139.8 4 1
github.com/kyma-incubator/metris/pkg/process/process.go:55.14,58.3 2 0
github.com/kyma-incubator/metris/pkg/process/process.go:61.48,64.3 2 0
github.com/kyma-incubator/metris/pkg/process/process.go:69.29,73.17 3 1
github.com/kyma-incubator/metris/pkg/process/process.go:76.3,77.30 2 1
github.com/kyma-incubator/metris/pkg/process/process.go:73.17,75.4 1 0
github.com/kyma-incubator/metris/pkg/process/process.go:77.30,80.4 2 0
github.com/kyma-incubator/metris/pkg/process/process.go:86.16,88.3 1 0
github.com/kyma-incubator/metris/pkg/process/process.go:92.16,94.3 1 0
github.com/kyma-incubator/metris/pkg/process/process.go:99.16,101.3 1 0
github.com/kyma-incubator/metris/pkg/process/process.go:103.27,106.3 2 0
github.com/kyma-incubator/metris/pkg/process/process.go:110.16,112.3 1 0
github.com/kyma-incubator/metris/pkg/process/process.go:115.16,117.3 1 0
github.com/kyma-incubator/metris/pkg/process/process.go:122.16,124.3 1 0
github.com/kyma-incubator/metris/pkg/process/process.go:126.16,128.3 1 0
github.com/kyma-incubator/metris/pkg/process/process.go:143.95,145.12 2 1
github.com/kyma-incubator/metris/pkg/process/process.go:151.2,151.60 1 1
github.com/kyma-incubator/metris/pkg/process/process.go:156.2,158.25 3 1
github.com/kyma-incubator/metris/pkg/process/process.go:145.12,149.3 3 1
github.com/kyma-incubator/metris/pkg/process/process.go:151.60,152.30 1 1
github.com/kyma-incubator/metris/pkg/process/process.go:152.30,154.4 1 1
github.com/kyma-incubator/metris/pkg/process/process.go:162.40,165.16 2 1
github.com/kyma-incubator/metris/pkg/process/process.go:168.2,168.6 1 1
github.com/kyma-incubator/metris/pkg/process/process.go:165.16,167.3 1 0
github.com/kyma-incubator/metris/pkg/process/process.go:168.6,170.17 2 1
github.com/kyma-incubator/metris/pkg/process/process.go:175.3,179.50 5 1
github.com/kyma-incubator/metris/pkg/process/process.go:170.17,173.12 3 1
github.com/kyma-incubator/metris/pkg/process/process.go:184.26,187.12 2 0
github.com/kyma-incubator/metris/pkg/process/process.go:191.2,191.41 1 0
github.com/kyma-incubator/metris/pkg/process/process.go:199.2,199.11 1 0
github.com/kyma-incubator/metris/pkg/process/process.go:187.12,189.3 1 0
github.com/kyma-incubator/metris/pkg/process/process.go:191.41,193.13 2 0
github.com/kyma-incubator/metris/pkg/process/process.go:193.13,197.4 3 0
github.com/kyma-incubator/metris/pkg/process/process.go:203.43,205.6 1 1
github.com/kyma-incubator/metris/pkg/process/process.go:205.6,215.44 4 1
github.com/kyma-incubator/metris/pkg/process/process.go:221.3,224.17 3 1
github.com/kyma-incubator/metris/pkg/process/process.go:235.3,236.17 2 1
github.com/kyma-incubator/metris/pkg/process/process.go:248.3,250.17 3 1
github.com/kyma-incubator/metris/pkg/process/process.go:259.3,261.24 2 1
github.com/kyma-incubator/metris/pkg/process/process.go:268.3,269.51 2 1
github.com/kyma-incubator/metris/pkg/process/process.go:215.44,219.12 2 0
github.com/kyma-incubator/metris/pkg/process/process.go:224.17,231.12 4 0
github.com/kyma-incubator/metris/pkg/process/process.go:236.17,243.12 4 0
github.com/kyma-incubator/metris/pkg/process/process.go:250.17,257.12 4 0
github.com/kyma-incubator/metris/pkg/process/process.go:261.24,265.4 3 1
github.com/kyma-incubator/metris/pkg/process/process.go:273.118,275.16 2 1
github.com/kyma-incubator/metris/pkg/process/process.go:285.2,285.28 1 1
github.com/kyma-incubator/metris/pkg/process/process.go:275.16,279.17 3 0
github.com/kyma-incubator/metris/pkg/process/process.go:283.3,283.30 1 0
github.com/kyma-incubator/metris/pkg/process/process.go:279.17,282.4 1 0
github.com/kyma-incubator/metris/pkg/process/process.go:288.76,290.16 2 1
github.com/kyma-incubator/metris/pkg/process/process.go:294.2,295.16 2 1
github.com/kyma-incubator/metris/pkg/process/process.go:299.2,299.33 1 1
github.com/kyma-incubator/metris/pkg/process/process.go:302.2,302.12 1 1
github.com/kyma-incubator/metris/pkg/process/process.go:290.16,292.3 1 0
github.com/kyma-incubator/metris/pkg/process/process.go:295.16,297.3 1 0
github.com/kyma-incubator/metris/pkg/process/process.go:299.33,301.3 1 0
github.com/kyma-incubator/metris/pkg/process/process.go:305.33,306.68 1 1
github.com/kyma-incubator/metris/pkg/process/process.go:309.2,309.14 1 0
github.com/kyma-incubator/metris/pkg/process/process.go:306.68,308.3 1 1
github.com/kyma-incubator/metris/pkg/process/process.go:312.62,315.40 1 1
github.com/kyma-incubator/metris/pkg/process/process.go:318.2,318.14 1 1
github.com/kyma-incubator/metris/pkg/process/process.go:315.40,317.3 1 1
github.com/kyma-incubator/metris/pkg/process/process.go:322.76,324.40 1 1
github.com/kyma-incubator/metris/pkg/process/process.go:324.40,325.33 1 1
github.com/kyma-incubator/metris/pkg/process/process.go:328.3,329.35 2 1
github.com/kyma-incubator/metris/pkg/process/process.go:325.33,326.12 1 1
github.com/kyma-incubator/metris/pkg/process/process.go:329.35,336.16 2 1
github.com/kyma-incubator/metris/pkg/process/process.go:348.4,348.56 1 1
github.com/kyma-incubator/metris/pkg/process/process.go:336.16,338.19 2 1
github.com/kyma-incubator/metris/pkg/process/process.go:342.5,344.13 3 1
github.com/kyma-incubator/metris/pkg/process/process.go:338.19,340.14 2 0
github.com/kyma-incubator/metris/pkg/process/process.go:348.56,349.46 1 1
github.com/kyma-incubator/metris/pkg/process/process.go:349.46,354.6 2 1
github.com/kyma-incubator/metris/pkg/process/process.go:356.9,357.15 1 1
github.com/kyma-incubator/metris/pkg/process/process.go:357.15,360.5 2 1
github.com/kyma-incubator/metris/pkg/process/public_cloud_info.go:31.76,32.55 1 1
github.com/kyma-incubator/metris/pkg/process/public_cloud_info.go:38.2,38.8 1 1
github.com/kyma-incubator/metris/pkg/process/public_cloud_info.go:32.55,34.51 2 1
github.com/kyma-incubator/metris/pkg/process/public_cloud_info.go:34.51,36.4 1 1
github.com/kyma-incubator/metris/pkg/process/public_cloud_info.go:42.64,43.32 1 1
github.com/kyma-incubator/metris/pkg/process/public_cloud_info.go:46.2,48.16 3 1
github.com/kyma-incubator/metris/pkg/process/public_cloud_info.go:52.2,52.39 1 1
github.com/kyma-incubator/metris/pkg/process/public_cloud_info.go:79.2,79.23 1 1
github.com/kyma-incubator/metris/pkg/process/public_cloud_info.go:43.32,45.3 1 0
github.com/kyma-incubator/metris/pkg/process/public_cloud_info.go:48.16,50.3 1 0
github.com/kyma-incubator/metris/pkg/process/public_cloud_info.go:52.39,55.17 2 1
github.com/kyma-incubator/metris/pkg/process/public_cloud_info.go:58.3,60.17 3 1
github.com/kyma-incubator/metris/pkg/process/public_cloud_info.go:63.3,64.24 2 1
github.com/kyma-incubator/metris/pkg/process/public_cloud_info.go:55.17,57.4 1 0
github.com/kyma-incubator/metris/pkg/process/public_cloud_info.go:60.17,62.4 1 0
github.com/kyma-incubator/metris/pkg/process/public_cloud_info.go:64.24,66.18 2 1
github.com/kyma-incubator/metris/pkg/process/public_cloud_info.go:69.4,71.18 3 1
github.com/kyma-incubator/metris/pkg/process/public_cloud_info.go:74.4,76.23 3 1
github.com/kyma-incubator/metris/pkg/process/public_cloud_info.go:66.18,68.5 1 0
github.com/kyma-incubator/metris/pkg/process/public_cloud_info.go:71.18,73.5 1 0
